2026-03-17 17:18:12.779966: I tensorflow/core/util/port.cc:153] oneDNN custom operations are on. You may see slightly different numerical results due to floating-point round-off errors from different computation orders. To turn them off, set the environment variable `TF_ENABLE_ONEDNN_OPTS=0`.
2026-03-17 17:18:12.818955: I tensorflow/core/platform/cpu_feature_guard.cc:210] This TensorFlow binary is optimized to use available CPU instructions in performance-critical operations.
To enable the following instructions: AVX2 AVX512F AVX512_VNNI AVX512_BF16 AVX512_FP16 AVX_VNNI AMX_TILE AMX_INT8 AMX_BF16 FMA, in other operations, rebuild TensorFlow with the appropriate compiler flags.
2026-03-17 17:18:13.736033: I tensorflow/core/util/port.cc:153] oneDNN custom operations are on. You may see slightly different numerical results due to floating-point round-off errors from different computation orders. To turn them off, set the environment variable `TF_ENABLE_ONEDNN_OPTS=0`.
/home/hossein/venv/koala/lib/python3.12/site-packages/tyro/_parsers.py:353: UserWarning: The field `wandb-entity` is annotated with type `<class 'str'>`, but the default value `None` has type `<class 'NoneType'>`. We'll try to handle this gracefully, but it may cause unexpected behavior.
  warnings.warn(message)
/home/hossein/venv/koala/lib/python3.12/site-packages/tyro/_parsers.py:353: UserWarning: The field `target-kl` is annotated with type `<class 'float'>`, but the default value `None` has type `<class 'NoneType'>`. We'll try to handle this gracefully, but it may cause unexpected behavior.
  warnings.warn(message)
wandb: [wandb.login()] Loaded credentials for https://api.wandb.ai from /home/hossein/.netrc.
wandb: Currently logged in as: hossein_abdi (hossein_abdi-the-university-of-manchester) to https://api.wandb.ai. Use `wandb login --relogin` to force relogin
wandb: setting up run aa3lagas
wandb: Tracking run with wandb version 0.25.0
wandb: Run data is saved locally in /home/hossein/code/Policy-Optimization/cleanrl/cleanrl/wandb/run-20260317_171815-aa3lagas
wandb: Run `wandb offline` to turn off syncing.
wandb: Syncing run PPO
wandb: ⭐️ View project at https://wandb.ai/hossein_abdi-the-university-of-manchester/MountainCarContinuous-v0%20%281%29
wandb: 🚀 View run at https://wandb.ai/hossein_abdi-the-university-of-manchester/MountainCarContinuous-v0%20%281%29/runs/aa3lagas
global_step=4995, episodic_return=[-50.486782]
global_step=4995, episodic_return=[-52.619865]
global_step=4995, episodic_return=[-50.173042]
global_step=4995, episodic_return=[-51.98415]
global_step=4995, episodic_return=[-51.13829]
global_step=9990, episodic_return=[-48.931755]
global_step=9990, episodic_return=[-49.754066]
global_step=9990, episodic_return=[-50.281387]
global_step=9990, episodic_return=[-54.18124]
global_step=9990, episodic_return=[-49.7726]
SPS: 553
global_step=14985, episodic_return=[-50.865105]
global_step=14985, episodic_return=[-48.289955]
global_step=14985, episodic_return=[-45.014767]
global_step=14985, episodic_return=[-49.43546]
global_step=14985, episodic_return=[-49.62595]
global_step=19980, episodic_return=[-52.34261]
global_step=19980, episodic_return=[-50.593445]
global_step=19980, episodic_return=[-49.2226]
global_step=19980, episodic_return=[-47.110947]
global_step=19980, episodic_return=[-49.836456]
SPS: 554
global_step=24975, episodic_return=[-45.18986]
global_step=24975, episodic_return=[-43.82687]
global_step=24975, episodic_return=[-45.452206]
global_step=24975, episodic_return=[-44.986755]
global_step=24975, episodic_return=[-44.935078]
global_step=29970, episodic_return=[-46.97051]
global_step=29970, episodic_return=[-43.580242]
global_step=29970, episodic_return=[-43.48259]
global_step=29970, episodic_return=[-47.26566]
global_step=29970, episodic_return=[-43.85769]
SPS: 554
global_step=34965, episodic_return=[-39.48787]
global_step=34965, episodic_return=[-42.70574]
global_step=34965, episodic_return=[-41.791744]
global_step=34965, episodic_return=[-41.94584]
global_step=34965, episodic_return=[-40.451912]
global_step=39960, episodic_return=[-41.398075]
global_step=39960, episodic_return=[-39.407627]
global_step=39960, episodic_return=[-40.933002]
global_step=39960, episodic_return=[-38.93224]
global_step=39960, episodic_return=[-39.15671]
SPS: 576
global_step=44955, episodic_return=[-37.998615]
global_step=44955, episodic_return=[-38.216152]
global_step=44955, episodic_return=[-37.068043]
global_step=44955, episodic_return=[-33.853813]
global_step=44955, episodic_return=[-36.081028]
global_step=49950, episodic_return=[-36.44323]
global_step=49950, episodic_return=[-33.33437]
global_step=49950, episodic_return=[-35.779907]
global_step=49950, episodic_return=[-35.701015]
global_step=49950, episodic_return=[-34.355976]
SPS: 571
global_step=54945, episodic_return=[-31.546547]
global_step=54945, episodic_return=[-33.10914]
global_step=54945, episodic_return=[-32.239845]
global_step=54945, episodic_return=[-32.49318]
global_step=54945, episodic_return=[-32.4294]
global_step=59940, episodic_return=[-32.215927]
global_step=59940, episodic_return=[-32.43557]
global_step=59940, episodic_return=[-30.746552]
global_step=59940, episodic_return=[-33.698616]
global_step=59940, episodic_return=[-31.661404]
SPS: 568
global_step=64935, episodic_return=[-28.620834]
global_step=64935, episodic_return=[-30.37115]
global_step=64935, episodic_return=[-27.704193]
global_step=64935, episodic_return=[-31.281965]
global_step=64935, episodic_return=[-29.38389]
global_step=69930, episodic_return=[-30.123518]
global_step=69930, episodic_return=[-26.102348]
global_step=69930, episodic_return=[-28.323181]
global_step=69930, episodic_return=[-27.270708]
global_step=69930, episodic_return=[-29.003817]
SPS: 566
global_step=74925, episodic_return=[-25.568724]
global_step=74925, episodic_return=[-28.114307]
global_step=74925, episodic_return=[-27.693438]
global_step=74925, episodic_return=[-26.407728]
global_step=74925, episodic_return=[-26.819382]
global_step=79920, episodic_return=[-24.13657]
global_step=79920, episodic_return=[-24.281612]
global_step=79920, episodic_return=[-26.16445]
global_step=79920, episodic_return=[-26.727026]
global_step=79920, episodic_return=[-23.875507]
SPS: 571
global_step=84915, episodic_return=[-23.233328]
global_step=84915, episodic_return=[-23.17636]
global_step=84915, episodic_return=[-23.399641]
global_step=84915, episodic_return=[-23.756805]
global_step=84915, episodic_return=[-23.642527]
global_step=89910, episodic_return=[-22.477133]
global_step=89910, episodic_return=[-22.750284]
global_step=89910, episodic_return=[-22.685675]
global_step=89910, episodic_return=[-22.417393]
global_step=89910, episodic_return=[-22.008041]
SPS: 574
global_step=94905, episodic_return=[-20.996181]
global_step=94905, episodic_return=[-19.42383]
global_step=94905, episodic_return=[-20.877151]
global_step=94905, episodic_return=[-21.489258]
global_step=94905, episodic_return=[-22.442776]
global_step=99900, episodic_return=[-19.549599]
global_step=99900, episodic_return=[-21.232254]
global_step=99900, episodic_return=[-19.418837]
global_step=99900, episodic_return=[-19.405403]
global_step=99900, episodic_return=[-17.8987]
SPS: 572
global_step=104895, episodic_return=[-19.12933]
global_step=104895, episodic_return=[-18.244925]
global_step=104895, episodic_return=[-19.321781]
global_step=104895, episodic_return=[-19.681974]
global_step=104895, episodic_return=[-18.098167]
global_step=109890, episodic_return=[-17.013538]
global_step=109890, episodic_return=[-18.365294]
global_step=109890, episodic_return=[-17.60486]
global_step=109890, episodic_return=[-17.132278]
global_step=109890, episodic_return=[-17.595526]
SPS: 570
global_step=114885, episodic_return=[-15.954564]
global_step=114885, episodic_return=[-15.768012]
global_step=114885, episodic_return=[-15.238258]
global_step=114885, episodic_return=[-17.291265]
global_step=114885, episodic_return=[-16.008904]
global_step=119880, episodic_return=[-15.503117]
global_step=119880, episodic_return=[-15.077167]
global_step=119880, episodic_return=[-14.145069]
global_step=119880, episodic_return=[-15.086433]
global_step=119880, episodic_return=[-14.782538]
SPS: 570
global_step=124875, episodic_return=[-13.852443]
global_step=124875, episodic_return=[-14.0017]
global_step=124875, episodic_return=[-14.571301]
global_step=124875, episodic_return=[-14.615693]
global_step=124875, episodic_return=[-14.284849]
global_step=129870, episodic_return=[-14.093543]
global_step=129870, episodic_return=[-13.722655]
global_step=129870, episodic_return=[-14.174212]
global_step=129870, episodic_return=[-13.385281]
global_step=129870, episodic_return=[-14.164113]
SPS: 575
global_step=134865, episodic_return=[-13.610051]
global_step=134865, episodic_return=[-12.883855]
global_step=134865, episodic_return=[-12.849497]
global_step=134865, episodic_return=[-12.990762]
global_step=134865, episodic_return=[-13.21187]
global_step=139860, episodic_return=[-11.914135]
global_step=139860, episodic_return=[-11.887698]
global_step=139860, episodic_return=[-12.871035]
global_step=139860, episodic_return=[-12.877382]
global_step=139860, episodic_return=[-12.752757]
SPS: 573
global_step=144855, episodic_return=[-11.750374]
global_step=144855, episodic_return=[-12.155236]
global_step=144855, episodic_return=[-12.06717]
global_step=144855, episodic_return=[-11.176366]
global_step=144855, episodic_return=[-12.815513]
global_step=149850, episodic_return=[-11.553046]
global_step=149850, episodic_return=[-11.358836]
global_step=149850, episodic_return=[-10.152712]
global_step=149850, episodic_return=[-9.800385]
global_step=149850, episodic_return=[-11.193698]
SPS: 572
global_step=154845, episodic_return=[-9.818793]
global_step=154845, episodic_return=[-10.140242]
global_step=154845, episodic_return=[-9.5592985]
global_step=154845, episodic_return=[-10.176682]
global_step=154845, episodic_return=[-10.687035]
global_step=159840, episodic_return=[-9.042365]
global_step=159840, episodic_return=[-9.4665575]
global_step=159840, episodic_return=[-8.979801]
global_step=159840, episodic_return=[-9.449398]
global_step=159840, episodic_return=[-8.898156]
SPS: 570
global_step=164835, episodic_return=[-9.186609]
global_step=164835, episodic_return=[-9.129333]
global_step=164835, episodic_return=[-9.132272]
global_step=164835, episodic_return=[-10.199865]
global_step=164835, episodic_return=[-9.620168]
global_step=169830, episodic_return=[-8.330014]
global_step=169830, episodic_return=[-7.9133945]
global_step=169830, episodic_return=[-8.279794]
global_step=169830, episodic_return=[-8.477177]
global_step=169830, episodic_return=[-7.766442]
SPS: 575
global_step=174825, episodic_return=[-8.475326]
global_step=174825, episodic_return=[-8.616868]
global_step=174825, episodic_return=[-8.621879]
global_step=174825, episodic_return=[-8.463773]
global_step=174825, episodic_return=[-7.8064184]
global_step=179820, episodic_return=[-7.309279]
global_step=179820, episodic_return=[-7.51845]
global_step=179820, episodic_return=[-7.174498]
global_step=179820, episodic_return=[-7.4096828]
global_step=179820, episodic_return=[-7.960929]
SPS: 574
global_step=184815, episodic_return=[-7.2517376]
global_step=184815, episodic_return=[-8.095012]
global_step=184815, episodic_return=[-6.8428435]
global_step=184815, episodic_return=[-7.67426]
global_step=184815, episodic_return=[-7.7641416]
global_step=189810, episodic_return=[-6.9754915]
global_step=189810, episodic_return=[-6.8226233]
global_step=189810, episodic_return=[-7.185502]
global_step=189810, episodic_return=[-6.293108]
global_step=189810, episodic_return=[-7.0111213]
SPS: 573
global_step=194805, episodic_return=[-6.051385]
global_step=194805, episodic_return=[-6.7569146]
global_step=194805, episodic_return=[-6.6674395]
global_step=194805, episodic_return=[-6.586799]
global_step=194805, episodic_return=[-6.7082167]
global_step=199800, episodic_return=[-5.6532035]
global_step=199800, episodic_return=[-5.6947827]
global_step=199800, episodic_return=[-5.7766485]
global_step=199800, episodic_return=[-5.703507]
global_step=199800, episodic_return=[-5.8004293]
global_step=204795, episodic_return=[-5.525182]
global_step=204795, episodic_return=[-6.0780168]
global_step=204795, episodic_return=[-6.0704618]
global_step=204795, episodic_return=[-5.900757]
global_step=204795, episodic_return=[-6.1256123]
SPS: 572
global_step=209790, episodic_return=[-5.7714114]
global_step=209790, episodic_return=[-5.4817524]
global_step=209790, episodic_return=[-5.1619177]
global_step=209790, episodic_return=[-5.3297224]
global_step=209790, episodic_return=[-5.297655]
global_step=214785, episodic_return=[-5.4979696]
global_step=214785, episodic_return=[-5.695226]
global_step=214785, episodic_return=[-5.3278756]
global_step=214785, episodic_return=[-4.8902564]
global_step=214785, episodic_return=[-5.1214776]
SPS: 574
global_step=219780, episodic_return=[-4.779075]
global_step=219780, episodic_return=[-4.737844]
global_step=219780, episodic_return=[-4.3907156]
global_step=219780, episodic_return=[-4.7268143]
global_step=219780, episodic_return=[-4.7372994]
global_step=224775, episodic_return=[-4.7871213]
global_step=224775, episodic_return=[-4.5243587]
global_step=224775, episodic_return=[-4.5895653]
global_step=224775, episodic_return=[-4.5857344]
global_step=224775, episodic_return=[-4.424922]
SPS: 574
global_step=229770, episodic_return=[-4.287334]
global_step=229770, episodic_return=[-4.159881]
global_step=229770, episodic_return=[-4.5924206]
global_step=229770, episodic_return=[-4.4969716]
global_step=229770, episodic_return=[-4.570515]
global_step=234765, episodic_return=[-3.8199387]
global_step=234765, episodic_return=[-4.280854]
global_step=234765, episodic_return=[-4.286972]
global_step=234765, episodic_return=[-4.2576365]
global_step=234765, episodic_return=[-4.7682223]
SPS: 570
global_step=239760, episodic_return=[-4.0102096]
global_step=239760, episodic_return=[-3.973211]
global_step=239760, episodic_return=[-3.5087817]
global_step=239760, episodic_return=[-4.098691]
global_step=239760, episodic_return=[-3.9267256]
global_step=244755, episodic_return=[-4.016418]
global_step=244755, episodic_return=[-3.5347269]
global_step=244755, episodic_return=[-3.716608]
global_step=244755, episodic_return=[-3.7680044]
global_step=244755, episodic_return=[-3.7345164]
SPS: 567
global_step=249750, episodic_return=[-3.3329465]
global_step=249750, episodic_return=[-3.5226674]
global_step=249750, episodic_return=[-3.2115166]
global_step=249750, episodic_return=[-3.3026059]
global_step=249750, episodic_return=[-3.398184]
global_step=254745, episodic_return=[-3.5174773]
global_step=254745, episodic_return=[-3.437061]
global_step=254745, episodic_return=[-3.5819366]
global_step=254745, episodic_return=[-3.0358183]
global_step=254745, episodic_return=[-3.4223015]
SPS: 568
global_step=259740, episodic_return=[-3.0932126]
global_step=259740, episodic_return=[-3.0863843]
global_step=259740, episodic_return=[-3.0628815]
global_step=259740, episodic_return=[-3.0092049]
global_step=259740, episodic_return=[-2.6321607]
global_step=264735, episodic_return=[-3.2595975]
global_step=264735, episodic_return=[-2.6576583]
global_step=264735, episodic_return=[-2.8292556]
global_step=264735, episodic_return=[-2.6706383]
global_step=264735, episodic_return=[-2.8631186]
SPS: 569
global_step=269730, episodic_return=[-2.7129972]
global_step=269730, episodic_return=[-2.7505763]
global_step=269730, episodic_return=[-2.7528021]
global_step=269730, episodic_return=[-2.683265]
global_step=269730, episodic_return=[-2.7436469]
global_step=274725, episodic_return=[-2.6843903]
global_step=274725, episodic_return=[-2.7649696]
global_step=274725, episodic_return=[-2.5681562]
global_step=274725, episodic_return=[-2.5734165]
global_step=274725, episodic_return=[-2.5900655]
SPS: 569
global_step=279720, episodic_return=[-2.5672312]
global_step=279720, episodic_return=[-2.4798236]
global_step=279720, episodic_return=[-2.4561067]
global_step=279720, episodic_return=[-2.345365]
global_step=279720, episodic_return=[-2.4711428]
global_step=284715, episodic_return=[-2.4646804]
global_step=284715, episodic_return=[-2.4060009]
global_step=284715, episodic_return=[-2.2984564]
global_step=284715, episodic_return=[-2.4180593]
global_step=284715, episodic_return=[-2.3410242]
SPS: 568
global_step=289710, episodic_return=[-2.1007633]
global_step=289710, episodic_return=[-2.1897051]
global_step=289710, episodic_return=[-2.0959046]
global_step=289710, episodic_return=[-2.0560954]
global_step=289710, episodic_return=[-2.087675]
global_step=294705, episodic_return=[-1.9992517]
global_step=294705, episodic_return=[-1.9328014]
global_step=294705, episodic_return=[-2.1360805]
global_step=294705, episodic_return=[-1.9770643]
global_step=294705, episodic_return=[-1.928897]
SPS: 568
global_step=299700, episodic_return=[-1.870707]
global_step=299700, episodic_return=[-1.8302405]
global_step=299700, episodic_return=[-1.7237983]
global_step=299700, episodic_return=[-1.6749215]
global_step=299700, episodic_return=[-1.8444815]
global_step=304695, episodic_return=[-1.7935436]
global_step=304695, episodic_return=[-1.9460953]
global_step=304695, episodic_return=[-1.8985443]
global_step=304695, episodic_return=[-1.7938738]
global_step=304695, episodic_return=[-2.0476503]
SPS: 570
global_step=309690, episodic_return=[-1.6822546]
global_step=309690, episodic_return=[-1.6778666]
global_step=309690, episodic_return=[-1.7072505]
global_step=309690, episodic_return=[-1.698317]
global_step=309690, episodic_return=[-1.7404066]
global_step=314685, episodic_return=[-1.561623]
global_step=314685, episodic_return=[-1.5945923]
global_step=314685, episodic_return=[-1.538302]
global_step=314685, episodic_return=[-1.5555154]
global_step=314685, episodic_return=[-1.540219]
SPS: 569
global_step=319680, episodic_return=[-1.5692583]
global_step=319680, episodic_return=[-1.69079]
global_step=319680, episodic_return=[-1.5503646]
global_step=319680, episodic_return=[-1.5567178]
global_step=319680, episodic_return=[-1.4626247]
global_step=324675, episodic_return=[-1.4993219]
global_step=324675, episodic_return=[-1.4635364]
global_step=324675, episodic_return=[-1.3765161]
global_step=324675, episodic_return=[-1.3492715]
global_step=324675, episodic_return=[-1.5997727]
SPS: 568
global_step=329670, episodic_return=[-1.4892066]
global_step=329670, episodic_return=[-1.3341881]
global_step=329670, episodic_return=[-1.3337033]
global_step=329670, episodic_return=[-1.297878]
global_step=329670, episodic_return=[-1.211682]
global_step=334665, episodic_return=[-1.1949096]
global_step=334665, episodic_return=[-1.2725929]
