2026-03-17 17:18:12.809143: I tensorflow/core/util/port.cc:153] oneDNN custom operations are on. You may see slightly different numerical results due to floating-point round-off errors from different computation orders. To turn them off, set the environment variable `TF_ENABLE_ONEDNN_OPTS=0`.
2026-03-17 17:18:12.848164: I tensorflow/core/platform/cpu_feature_guard.cc:210] This TensorFlow binary is optimized to use available CPU instructions in performance-critical operations.
To enable the following instructions: AVX2 AVX512F AVX512_VNNI AVX512_BF16 AVX512_FP16 AVX_VNNI AMX_TILE AMX_INT8 AMX_BF16 FMA, in other operations, rebuild TensorFlow with the appropriate compiler flags.
2026-03-17 17:18:13.764921: I tensorflow/core/util/port.cc:153] oneDNN custom operations are on. You may see slightly different numerical results due to floating-point round-off errors from different computation orders. To turn them off, set the environment variable `TF_ENABLE_ONEDNN_OPTS=0`.
/home/hossein/venv/koala/lib/python3.12/site-packages/tyro/_parsers.py:353: UserWarning: The field `wandb-entity` is annotated with type `<class 'str'>`, but the default value `None` has type `<class 'NoneType'>`. We'll try to handle this gracefully, but it may cause unexpected behavior.
  warnings.warn(message)
/home/hossein/venv/koala/lib/python3.12/site-packages/tyro/_parsers.py:353: UserWarning: The field `target-kl` is annotated with type `<class 'float'>`, but the default value `None` has type `<class 'NoneType'>`. We'll try to handle this gracefully, but it may cause unexpected behavior.
  warnings.warn(message)
wandb: [wandb.login()] Loaded credentials for https://api.wandb.ai from /home/hossein/.netrc.
wandb: Currently logged in as: hossein_abdi (hossein_abdi-the-university-of-manchester) to https://api.wandb.ai. Use `wandb login --relogin` to force relogin
wandb: setting up run xf1r9ymk
wandb: Tracking run with wandb version 0.25.0
wandb: Run data is saved locally in /home/hossein/code/Policy-Optimization/cleanrl/cleanrl/wandb/run-20260317_171815-xf1r9ymk
wandb: Run `wandb offline` to turn off syncing.
wandb: Syncing run PPO
wandb: ⭐️ View project at https://wandb.ai/hossein_abdi-the-university-of-manchester/HalfCheetah-v4%20%281%29
wandb: 🚀 View run at https://wandb.ai/hossein_abdi-the-university-of-manchester/HalfCheetah-v4%20%281%29/runs/xf1r9ymk
global_step=5000, episodic_return=[-387.7011]
global_step=5000, episodic_return=[-353.04007]
global_step=5000, episodic_return=[-432.0162]
global_step=5000, episodic_return=[-137.9608]
global_step=5000, episodic_return=[-444.14667]
global_step=10000, episodic_return=[-423.95636]
global_step=10000, episodic_return=[-159.25723]
global_step=10000, episodic_return=[-353.56796]
global_step=10000, episodic_return=[-395.37366]
global_step=10000, episodic_return=[-332.03558]
SPS: 543
global_step=15000, episodic_return=[-336.5768]
global_step=15000, episodic_return=[-310.12442]
global_step=15000, episodic_return=[-378.3107]
global_step=15000, episodic_return=[-389.29868]
global_step=15000, episodic_return=[-343.76852]
global_step=20000, episodic_return=[-392.21204]
global_step=20000, episodic_return=[-227.38754]
global_step=20000, episodic_return=[-270.89078]
global_step=20000, episodic_return=[-300.08276]
global_step=20000, episodic_return=[-241.01932]
SPS: 534
global_step=25000, episodic_return=[-299.02695]
global_step=25000, episodic_return=[-423.4547]
global_step=25000, episodic_return=[-443.9572]
global_step=25000, episodic_return=[-389.7405]
global_step=25000, episodic_return=[-329.03943]
global_step=30000, episodic_return=[-304.63956]
global_step=30000, episodic_return=[-231.39458]
global_step=30000, episodic_return=[-378.40717]
global_step=30000, episodic_return=[-304.35748]
global_step=30000, episodic_return=[-307.40686]
SPS: 532
global_step=35000, episodic_return=[-301.41266]
global_step=35000, episodic_return=[-393.64276]
global_step=35000, episodic_return=[-363.70428]
global_step=35000, episodic_return=[-326.60333]
global_step=35000, episodic_return=[-357.4417]
global_step=40000, episodic_return=[-337.167]
global_step=40000, episodic_return=[-346.42697]
global_step=40000, episodic_return=[-280.57196]
global_step=40000, episodic_return=[-312.08563]
global_step=40000, episodic_return=[-369.83768]
SPS: 535
global_step=45000, episodic_return=[-333.2389]
global_step=45000, episodic_return=[-232.3628]
global_step=45000, episodic_return=[-273.5741]
global_step=45000, episodic_return=[-295.34613]
global_step=45000, episodic_return=[-301.26785]
global_step=50000, episodic_return=[-281.1405]
global_step=50000, episodic_return=[-211.0712]
global_step=50000, episodic_return=[-352.71094]
global_step=50000, episodic_return=[-261.9078]
global_step=50000, episodic_return=[-367.69278]
SPS: 546
global_step=55000, episodic_return=[-327.5978]
global_step=55000, episodic_return=[-482.53345]
global_step=55000, episodic_return=[-280.78357]
global_step=55000, episodic_return=[-283.27292]
global_step=55000, episodic_return=[-396.2812]
global_step=60000, episodic_return=[-305.61176]
global_step=60000, episodic_return=[-243.29913]
global_step=60000, episodic_return=[-283.41574]
global_step=60000, episodic_return=[-267.1613]
global_step=60000, episodic_return=[-277.71445]
SPS: 542
global_step=65000, episodic_return=[-283.19708]
global_step=65000, episodic_return=[-235.55617]
global_step=65000, episodic_return=[-309.3941]
global_step=65000, episodic_return=[-373.61926]
global_step=65000, episodic_return=[-321.53934]
global_step=70000, episodic_return=[-240.0032]
global_step=70000, episodic_return=[-200.05725]
global_step=70000, episodic_return=[-285.05795]
global_step=70000, episodic_return=[-286.57977]
global_step=70000, episodic_return=[-256.7145]
SPS: 540
global_step=75000, episodic_return=[-303.23972]
global_step=75000, episodic_return=[-233.25143]
global_step=75000, episodic_return=[-251.15341]
global_step=75000, episodic_return=[-301.43073]
global_step=75000, episodic_return=[-292.5813]
global_step=80000, episodic_return=[-264.8592]
global_step=80000, episodic_return=[-263.49356]
global_step=80000, episodic_return=[-254.76425]
global_step=80000, episodic_return=[-294.28906]
global_step=80000, episodic_return=[-285.51172]
SPS: 538
global_step=85000, episodic_return=[-252.51654]
global_step=85000, episodic_return=[-263.13495]
global_step=85000, episodic_return=[-225.7834]
global_step=85000, episodic_return=[-252.07466]
global_step=85000, episodic_return=[-290.53253]
global_step=90000, episodic_return=[-208.63121]
global_step=90000, episodic_return=[-290.82697]
global_step=90000, episodic_return=[-229.49203]
global_step=90000, episodic_return=[-230.99492]
global_step=90000, episodic_return=[-250.14963]
SPS: 537
global_step=95000, episodic_return=[-312.2845]
global_step=95000, episodic_return=[-228.40149]
global_step=95000, episodic_return=[-193.13264]
global_step=95000, episodic_return=[-208.56645]
global_step=95000, episodic_return=[-254.31584]
global_step=100000, episodic_return=[-304.6047]
global_step=100000, episodic_return=[-168.67375]
global_step=100000, episodic_return=[-262.66104]
global_step=100000, episodic_return=[-204.68245]
global_step=100000, episodic_return=[-174.10054]
SPS: 544
global_step=105000, episodic_return=[-210.15164]
global_step=105000, episodic_return=[-252.34096]
global_step=105000, episodic_return=[-166.9973]
global_step=105000, episodic_return=[-193.48276]
global_step=105000, episodic_return=[-249.08333]
global_step=110000, episodic_return=[-187.96083]
global_step=110000, episodic_return=[-279.09927]
global_step=110000, episodic_return=[-246.30276]
global_step=110000, episodic_return=[-316.9845]
global_step=110000, episodic_return=[-230.43657]
SPS: 543
global_step=115000, episodic_return=[-200.58914]
global_step=115000, episodic_return=[-279.60522]
global_step=115000, episodic_return=[-187.94928]
global_step=115000, episodic_return=[-210.98952]
global_step=115000, episodic_return=[-267.1392]
global_step=120000, episodic_return=[-219.31699]
global_step=120000, episodic_return=[-147.89713]
global_step=120000, episodic_return=[-221.9179]
global_step=120000, episodic_return=[-150.14859]
global_step=120000, episodic_return=[-207.75934]
SPS: 542
global_step=125000, episodic_return=[-230.24747]
global_step=125000, episodic_return=[-197.10506]
global_step=125000, episodic_return=[-237.83784]
global_step=125000, episodic_return=[-199.89032]
global_step=125000, episodic_return=[-162.5747]
global_step=130000, episodic_return=[-281.79776]
global_step=130000, episodic_return=[-173.92993]
global_step=130000, episodic_return=[-220.36646]
global_step=130000, episodic_return=[-248.47713]
global_step=130000, episodic_return=[-165.7547]
SPS: 541
global_step=135000, episodic_return=[-178.1722]
global_step=135000, episodic_return=[-173.9727]
global_step=135000, episodic_return=[-213.54517]
global_step=135000, episodic_return=[-176.36215]
global_step=135000, episodic_return=[-140.45699]
global_step=140000, episodic_return=[-165.43915]
global_step=140000, episodic_return=[-262.6462]
global_step=140000, episodic_return=[-180.22949]
global_step=140000, episodic_return=[-159.50984]
global_step=140000, episodic_return=[-248.40431]
SPS: 540
global_step=145000, episodic_return=[-154.1443]
global_step=145000, episodic_return=[-287.0177]
global_step=145000, episodic_return=[-121.086105]
global_step=145000, episodic_return=[-157.34052]
global_step=145000, episodic_return=[-175.7874]
global_step=150000, episodic_return=[-250.41582]
global_step=150000, episodic_return=[-161.36356]
global_step=150000, episodic_return=[-157.08801]
global_step=150000, episodic_return=[-156.18506]
global_step=150000, episodic_return=[-165.11842]
SPS: 542
global_step=155000, episodic_return=[-184.90524]
global_step=155000, episodic_return=[-169.88358]
global_step=155000, episodic_return=[-146.0405]
global_step=155000, episodic_return=[-163.39986]
global_step=155000, episodic_return=[-147.82094]
global_step=160000, episodic_return=[-154.14479]
global_step=160000, episodic_return=[-42.06379]
global_step=160000, episodic_return=[-117.464714]
global_step=160000, episodic_return=[-121.28973]
global_step=160000, episodic_return=[-194.24023]
SPS: 543
global_step=165000, episodic_return=[-81.02952]
global_step=165000, episodic_return=[-119.09072]
global_step=165000, episodic_return=[-175.01677]
global_step=165000, episodic_return=[-147.00107]
global_step=165000, episodic_return=[-111.28884]
global_step=170000, episodic_return=[-147.12811]
global_step=170000, episodic_return=[-63.362156]
global_step=170000, episodic_return=[-37.984566]
global_step=170000, episodic_return=[-118.21159]
global_step=170000, episodic_return=[-89.993]
SPS: 542
global_step=175000, episodic_return=[-132.92282]
global_step=175000, episodic_return=[-58.48802]
global_step=175000, episodic_return=[-119.264565]
global_step=175000, episodic_return=[-88.210846]
global_step=175000, episodic_return=[-74.36937]
global_step=180000, episodic_return=[-104.93404]
global_step=180000, episodic_return=[-73.02822]
global_step=180000, episodic_return=[-2.7955344]
global_step=180000, episodic_return=[-81.65974]
global_step=180000, episodic_return=[-106.856636]
SPS: 541
global_step=185000, episodic_return=[-119.88485]
global_step=185000, episodic_return=[-39.400887]
global_step=185000, episodic_return=[-90.178444]
global_step=185000, episodic_return=[-53.42538]
global_step=185000, episodic_return=[-68.182175]
global_step=190000, episodic_return=[-21.830212]
global_step=190000, episodic_return=[0.9674379]
global_step=190000, episodic_return=[4.2033005]
global_step=190000, episodic_return=[-49.626972]
global_step=190000, episodic_return=[-45.57631]
SPS: 541
global_step=195000, episodic_return=[-14.090888]
global_step=195000, episodic_return=[-32.927452]
global_step=195000, episodic_return=[-41.55202]
global_step=195000, episodic_return=[-26.954756]
global_step=195000, episodic_return=[-28.872326]
global_step=200000, episodic_return=[-44.592]
global_step=200000, episodic_return=[22.354683]
global_step=200000, episodic_return=[-3.0487995]
global_step=200000, episodic_return=[-62.756268]
global_step=200000, episodic_return=[-10.7657175]
SPS: 540
global_step=205000, episodic_return=[-18.798758]
global_step=205000, episodic_return=[97.099]
global_step=205000, episodic_return=[77.73604]
global_step=205000, episodic_return=[23.430521]
global_step=205000, episodic_return=[-23.032497]
global_step=210000, episodic_return=[-80.22465]
global_step=210000, episodic_return=[-115.541084]
global_step=210000, episodic_return=[97.811424]
global_step=210000, episodic_return=[-51.499836]
global_step=210000, episodic_return=[79.76002]
global_step=215000, episodic_return=[76.028496]
global_step=215000, episodic_return=[25.623476]
global_step=215000, episodic_return=[71.800545]
global_step=215000, episodic_return=[-79.57935]
global_step=215000, episodic_return=[1.73832]
SPS: 543
global_step=220000, episodic_return=[32.3735]
global_step=220000, episodic_return=[69.04786]
global_step=220000, episodic_return=[90.76045]
global_step=220000, episodic_return=[-159.10979]
global_step=220000, episodic_return=[-286.05048]
global_step=225000, episodic_return=[6.5656476]
global_step=225000, episodic_return=[129.5786]
global_step=225000, episodic_return=[66.29928]
global_step=225000, episodic_return=[81.07596]
global_step=225000, episodic_return=[-26.355423]
SPS: 539
global_step=230000, episodic_return=[117.32906]
global_step=230000, episodic_return=[21.902245]
global_step=230000, episodic_return=[60.170513]
global_step=230000, episodic_return=[65.663704]
global_step=230000, episodic_return=[73.66527]
global_step=235000, episodic_return=[72.96314]
global_step=235000, episodic_return=[120.61252]
global_step=235000, episodic_return=[11.896602]
global_step=235000, episodic_return=[67.76032]
global_step=235000, episodic_return=[104.77005]
SPS: 536
global_step=240000, episodic_return=[87.11839]
global_step=240000, episodic_return=[30.12757]
global_step=240000, episodic_return=[83.847534]
global_step=240000, episodic_return=[127.80382]
global_step=240000, episodic_return=[39.830437]
global_step=245000, episodic_return=[10.898898]
global_step=245000, episodic_return=[127.97836]
global_step=245000, episodic_return=[75.858055]
global_step=245000, episodic_return=[155.89273]
global_step=245000, episodic_return=[-355.57272]
SPS: 536
global_step=250000, episodic_return=[117.35526]
global_step=250000, episodic_return=[149.57587]
global_step=250000, episodic_return=[146.97925]
global_step=250000, episodic_return=[126.9037]
global_step=250000, episodic_return=[188.58173]
global_step=255000, episodic_return=[104.089424]
global_step=255000, episodic_return=[131.88556]
global_step=255000, episodic_return=[126.821]
global_step=255000, episodic_return=[66.57305]
global_step=255000, episodic_return=[189.08032]
SPS: 536
global_step=260000, episodic_return=[214.97958]
global_step=260000, episodic_return=[219.26434]
global_step=260000, episodic_return=[105.74152]
global_step=260000, episodic_return=[177.656]
global_step=260000, episodic_return=[195.59631]
global_step=265000, episodic_return=[-302.2942]
global_step=265000, episodic_return=[259.4003]
global_step=265000, episodic_return=[231.15182]
global_step=265000, episodic_return=[124.394684]
global_step=265000, episodic_return=[192.17114]
SPS: 538
global_step=270000, episodic_return=[176.24138]
global_step=270000, episodic_return=[212.2771]
global_step=270000, episodic_return=[288.09903]
global_step=270000, episodic_return=[221.14253]
global_step=270000, episodic_return=[227.3665]
global_step=275000, episodic_return=[322.53522]
global_step=275000, episodic_return=[248.45544]
global_step=275000, episodic_return=[198.65091]
global_step=275000, episodic_return=[239.58635]
global_step=275000, episodic_return=[-143.02739]
SPS: 538
global_step=280000, episodic_return=[164.66246]
global_step=280000, episodic_return=[240.75888]
global_step=280000, episodic_return=[337.0457]
global_step=280000, episodic_return=[253.66548]
global_step=280000, episodic_return=[223.13611]
global_step=285000, episodic_return=[165.4747]
global_step=285000, episodic_return=[-285.00058]
global_step=285000, episodic_return=[-279.39456]
global_step=285000, episodic_return=[185.47778]
global_step=285000, episodic_return=[327.79517]
SPS: 537
global_step=290000, episodic_return=[263.7339]
global_step=290000, episodic_return=[294.1107]
global_step=290000, episodic_return=[257.66022]
global_step=290000, episodic_return=[293.05096]
global_step=290000, episodic_return=[240.62428]
global_step=295000, episodic_return=[384.91727]
global_step=295000, episodic_return=[242.9313]
global_step=295000, episodic_return=[292.3246]
global_step=295000, episodic_return=[331.89954]
global_step=295000, episodic_return=[266.22598]
SPS: 537
global_step=300000, episodic_return=[286.17627]
global_step=300000, episodic_return=[346.00906]
global_step=300000, episodic_return=[251.46873]
global_step=300000, episodic_return=[337.6374]
global_step=300000, episodic_return=[396.8008]
global_step=305000, episodic_return=[270.88385]
global_step=305000, episodic_return=[348.3629]
global_step=305000, episodic_return=[341.50345]
global_step=305000, episodic_return=[358.05112]
global_step=305000, episodic_return=[361.87643]
SPS: 536
global_step=310000, episodic_return=[368.59854]
global_step=310000, episodic_return=[461.676]
global_step=310000, episodic_return=[429.42688]
global_step=310000, episodic_return=[317.88837]
global_step=310000, episodic_return=[340.93735]
global_step=315000, episodic_return=[373.28738]
global_step=315000, episodic_return=[335.1891]
global_step=315000, episodic_return=[387.57175]
global_step=315000, episodic_return=[426.5909]
global_step=315000, episodic_return=[317.1223]
SPS: 535
global_step=320000, episodic_return=[360.8963]
global_step=320000, episodic_return=[353.6067]
global_step=320000, episodic_return=[360.2648]
global_step=320000, episodic_return=[445.69876]
global_step=320000, episodic_return=[287.08447]
global_step=325000, episodic_return=[424.46112]
global_step=325000, episodic_return=[451.50018]
global_step=325000, episodic_return=[409.45755]
global_step=325000, episodic_return=[406.7477]
global_step=325000, episodic_return=[417.15454]
SPS: 537
global_step=330000, episodic_return=[378.05734]
global_step=330000, episodic_return=[442.24542]
global_step=330000, episodic_return=[367.5709]
global_step=330000, episodic_return=[-126.72594]
global_step=330000, episodic_return=[390.8545]
global_step=335000, episodic_return=[419.9942]
global_step=335000, episodic_return=[492.4207]
global_step=335000, episodic_return=[437.00427]
global_step=335000, episodic_return=[379.94907]
global_step=335000, episodic_return=[485.274]
